<?xml version="1.0" encoding="UTF-8"?>
<!-- Generated by org.testng.reporters.JUnitReportReporter -->
<testsuite ignored="0" hostname="MSI" failures="0" tests="1" name="pruebaTestNG.Selenium_Test" time="4.455" errors="0" timestamp="05 oct 2024 16:59:51 GMT" skipped="0">
  <testcase classname="pruebaTestNG.Selenium_Test" name="f" time="4.455"/>
</testsuite> <!-- pruebaTestNG.Selenium_Test -->
